<?xml version="1.0" encoding="UTF-8"?>
<testng-results ignored="0" total="1" passed="1" failed="0" skipped="0">
  <reporter-output>
  </reporter-output>
  <suite started-at="2025-04-13T09:31:06 IST" name="Default suite" finished-at="2025-04-13T09:31:22 IST" duration-ms="16203">
    <groups>
    </groups>
    <test started-at="2025-04-13T09:31:06 IST" name="Default test" finished-at="2025-04-13T09:31:22 IST" duration-ms="16203">
      <class name="uploadDownload.ProjectExplores.UploadDownloadd">
        <test-method signature="downloadUpdateExcel()[pri:0, instance:uploadDownload.ProjectExplores.UploadDownloadd@24269709]" started-at="2025-04-13T09:31:06 IST" name="downloadUpdateExcel" finished-at="2025-04-13T09:31:22 IST" duration-ms="16100" status="PASS">
          <reporter-output>
          </reporter-output>
        </test-method> <!-- downloadUpdateExcel -->
      </class> <!-- uploadDownload.ProjectExplores.UploadDownloadd -->
    </test> <!-- Default test -->
  </suite> <!-- Default suite -->
</testng-results>
